# keyframe format v1
fps 0
0
288
360
432
528
588
671
740
890
974
1022
1166
1370
1406
1478
1526
1622
1658
1847
1991
2039
2159
2207
2255
2327
2576
2577
2578
2579
2580
2581
2582
2583
2584
2585
2762
2897
3257
3341
3437
3665
3806
4061
4235
4310
4454
4601
4670
4844
5108
5198
5246
5430
5544
5697
5784
5792
5912
5966
6055
6205
6277
6325
6373
6544
6616
6760
6868
6940
6976
7024
7204
7384
7465
7561
7609
7657
7689
7711
7726
7749
7759
7760
7761
7774
7826
7988
8028
8112
8172
8346
8448
8496
8631
8949
8997
9063
9109
9247
9415
9709
9805
9925
10171
10267
10387
10447
10519
10669
10726
10750
10765
10864
10982
11033
11063
11064
11065
11066
11067
11068
11069
11070
11071
11072
11078
11088
11097
11099
11107
11121
11137
11158
11169
11182
11205
11218
11230
11236
11251
11277
11281
11284
11285
11286
11287
11288
11292
11442
11466
11472
11475
11478
11508
11538
11700
11868
11958
12171
12291
12357
12607
12703
12721
12751
12799
12871
13003
13093
13285
13327
13495
13681
13720
13888
13978
14032
14206
14368
14416
14502
14640
14748
14910
14952
15150
15264
15339
15525
15669
15921
15963
16203
16395
16515
16827
16905
17049
17121
17192
17312
17384
17432
17450
17512
17584
17680
17764
17800
17848
17920
17929
17930
17944
18021
18120
18168
18432
18492
18528
18531
18534
18537
18540
18567
18594
18654
18682
18811
18814
18898
19045
19218
19446
19494
19674
19746
19794
19938
19986
20034
20094
20154
20163
20166
20169
20172
20184
20187
20190
20274
20358
20430
20514
20586
20676
20742
20826
20874
20922
21042
21046
21048
21063
21075
21102
21174
21246
21330
21336
21339
21351
21360
21372
21384
21396
21399
21408
21546
21684
21885
22346
22412
22778
22862
22910
22946
22994
23042
23081
23090
23109
23114
23118
23133
23136
23145
23147
23184
23328
23394
23412
23421
23502
23574
23628
23718
23724
23727
23802
23874
24105
24237
24285
24288
24291
24294
24297
24351
24573
24834
25062
25107
25140
25212
25313
25445
25487
25559
25631
25715
25787
25883
25955
26027
26083
26084
26087
26159
26345
26606
26690
26768
26900
27080
27200
27260
27290
27326
27341
27344
27347
27371
27485
27557
27737
27738
27739
27740
27741
27742
27743
27744
27745
27746
27747
27748
27749
27771
27794
27815
27830
27852
27882
27905
27924
27931
27957
27974
27990
28012
28032
28050
28063
28081
28097
28114
28161
28178
28190
28204
28221
28234
28253
28266
28286
28351
28375
28495
28567
28627
28774
28834
28975
29095
29096
29097
29098
29099
29100
29101
29105
29123
29141
29165
29190
29228
29247
29349
29517
29733
29871
30087
30147
30264
30408
30456
30654
30744
30858
31152
31212
31365
31659
31716
31812
31891
31909
31991
32036
32079
32158
32236
32353
32366
32378
32390
32391
32392
32393
32394
32395
32510
32512
32590
32668
32749
32792
32986
33066
33102
33141
33222
33241
33258
33267
33268
33290
33339
33379
33419
33459
33479
33499
33569
33656
33734
33742
33764
33771
33779
33811
33841
33856
33890
33912
33920
33937
33946
33970
33978
33979
33981
33990
34011
34015
