# keyframe format v1
fps 0
0
288
360
408
492
540
678
768
816
894
954
1029
1281
1413
1437
1450
1582
1684
1774
1822
1882
2143
2344
2369
2477
2672
2786
3206
3350
3422
3506
3791
3929
4112
4295
4367
4520
4592
4760
4886
4988
5180
5449
5545
5758
5920
6076
6391
6676
6796
7030
7171
7255
7327
7483
7732
8014
8044
8116
8416
8452
8656
8842
8974
9118
9232
9400
9466
9496
9592
9676
9784
9856
10030
10102
10138
10228
10298
10442
10550
10718
10832
10856
10940
11066
11126
11190
11340
11426
11566
11713
11737
11809
11833
11899
11953
12049
12205
12253
12301
12361
12397
12655
12751
12889
12954
13032
13128
13188
13216
13220
13234
13252
13255
13337
13373
13378
13403
13451
13535
13559
13595
13715
13787
13913
14009
14051
14144
14396
14534
14600
14666
14756
14792
14828
14864
15065
15137
15185
15335
15383
15449
15509
15561
15599
15701
15797
15857
15917
15965
16025
16085
16157
16283
16517
16793
16841
17144
17270
17309
17357
17429
17519
17687
17897
18077
18131
18227
18228
18229
18300
18348
18576
18834
18966
19260
19374
19464
19791
20049
20181
20253
20307
20376
20607
20763
20811
20919
21093
21255
21303
21513
21633
21939
22107
22203
22263
22323
22599
22725
22941
23055
23075
23109
23403
23631
23721
24045
24171
24201
24411
24519
24807
25011
25095
25509
25788
25914
26034
26112
26304
26352
26466
26661
26757
26871
26943
26991
27039
27333
27411
27657
27825
27921
28059
28185
28215
28383
28521
28825
28927
28969
29095
29143
29263
29335
29365
29539
29641
29821
29977
30151
30211
30283
30451
32537
32608
32667
32750
32780
32876
32972
33056
33445
33600
33711
33855
33872
33889
33906
33929
