# keyframe format v1
fps 0
0
360
495
600
774
929
1031
1114
1282
1426
1564
1726
1846
1906
1996
2152
2193
2197
2198
2199
2200
2201
2202
2260
2383
2473
2537
2587
2707
2760
3078
3168
3276
3414
3504
3576
3636
3756
3882
3924
4002
4122
4173
4227
4539
4623
4725
4806
4854
4896
4962
5088
5244
5286
5322
5355
5379
5413
5415
5431
5447
5471
5495
5511
5517
5549
5581
5611
5653
5694
5778
5867
6113
6269
6329
6371
6467
6517
6520
6559
6589
6618
6664
6706
6826
6916
7018
7102
7168
7249
7287
7371
7425
7569
7629
7803
7863
7911
7995
8091
8199
8247
8295
8391
8499
8631
8655
8715
8763
8817
8913
9042
9102
9204
9360
9498
9528
9600
9665
9833
9932
10043
10193
10223
10253
10301
10361
10463
10507
10511
10571
10603
10631
10667
10739
10793
10901
11018
11141
11261
11315
11375
11555
11639
11729
11765
11825
11981
12017
12113
12203
12305
12377
12425
12473
12791
12893
13061
13103
13145
13241
13301
13391
13589
13679
13739
13787
13907
13967
14026
14068
14164
14290
14434
14482
14548
14608
14680
14812
14872
14998
15046
15094
15142
15190
15238
15283
15309
15322
15394
15490
15561
15604
15632
15704
15728
15836
15974
16076
16178
16233
16235
16331
16382
16742
16802
16940
17096
17240
17270
17503
17587
17719
17821
17992
18058
18100
18208
18268
18322
18430
18502
18556
18598
18727
18745
18769
18787
18799
18811
18823
18880
18904
18988
19024
19090
19168
19288
19456
19540
19588
19636
19816
19876
19948
20092
20187
20310
20412
20454
20538
20550
20715
20859
20913
21135
21237
21315
21357
21378
21417
21531
21615
21729
21807
21873
21903
21939
21987
22047
22179
22263
22365
22485
22779
22887
22965
23037
23049
23061
23133
23313
23409
23517
23661
23769
23805
23907
23967
24033
24117
24285
24405
24519
24735
24849
24969
25029
25059
25080
25122
25242
25326
25386
25458
25656
25776
25965
26013
26054
26372
26528
26672
26702
26997
27057
27105
27153
27225
27289
27291
27399
27579
27669
27825
27921
28107
28245
28365
30545
30599
30827
31010
31259
31499
31673
31676
31859
31907
32237
32651
32873
33113
33233
33335
33478
33682
33868
33916
