# keyframe format v1
fps 0
0
372
441
525
573
633
777
876
1062
1194
1362
1506
1680
1884
1992
2100
2190
2262
2328
2457
2547
2703
2793
2925
2944
3025
3070
3113
3192
3270
3387
3412
3424
3425
3426
3427
3429
3544
3546
3624
3702
3783
3826
4020
4100
4136
4175
4256
4275
4301
4302
4324
4373
4413
4453
4493
4513
4533
4603
4690
4768
4776
4798
4808
4813
4845
4885
4890
4924
4946
4954
4971
5004
5012
5024
5045
5049
5083
5191
5284
5596
5788
5848
5908
6088
6232
6406
6502
6550
6688
6766
6874
6952
7024
7118
7232
7436
7496
7544
7628
7670
7742
7784
7856
7910
7958
8030
8048
8078
8198
8276
8381
8394
8454
8580
8676
8730
8916
8994
9078
9300
9471
9627
9741
9786
10011
10161
10209
10365
10455
10617
10815
10863
10911
10953
10995
11067
11127
11313
11385
11448
11571
11763
11808
11868
12024
12031
12249
12447
12687
12867
13059
13191
13359
13575
13713
13839
14088
14101
14173
14329
14359
14389
14449
14509
14557
14689
14755
14920
15091
15235
15376
15436
15580
15634
15718
15814
16123
16231
16381
16678
16918
16990
17137
17344
17392
17512
17953
18013
18127
18262
18574
18694
18760
18940
19060
19120
19180
19240
19282
19366
19414
19681
19741
19897
19975
20056
20116
20212
20302
20536
20596
20674
20827
20953
20998
21064
21160
21190
21340
21412
21502
21640
21730
21958
22186
22291
22435
22525
22573
22711
23143
23203
23263
23407
23569
23689
23881
23998
24156
24162
24197
24244
24409
24460
24640
24742
24826
24916
25000
25120
25168
25216
25282
25330
25444
25492
25741
25900
25948
26326
26386
26428
26554
26632
26902
26962
27064
27250
27340
27436
27682
27742
27808
27861
28022
28133
28193
28220
28248
28290
28306
28332
28512
28605
28674
28741
28855
28981
29020
29104
29302
29461
29575
29614
29778
29934
29991
30099
30138
30261
30348
30420
30489
30516
30612
30693
30756
30771
30861
31074
31194
31272
31401
31464
31611
31900
31954
31993
32023
32041
32062
32092
32122
32146
32251
32365
32413
32520
32545
32566
32596
32671
32749
32773
32791
32812
32830
32851
32876
32927
32948
32966
32993
33017
33038
33056
33080
33101
33125
33149
33173
33212
33236
33269
33299
33320
33341
33368
33392
33413
33431
33458
33479
33500
33524
33551
33572
33593
33614
33641
33671
33707
33731
33758
33779
33800
33833
33854
33893
33914
33941
33965
33989
