# keyframe format v1
fps 0
0
288
348
396
630
711
837
1011
1068
1149
1197
1389
1557
1683
1737
1866
2016
2094
2319
2415
2463
2613
2661
2782
2801
2882
2927
2970
3049
3127
3244
3269
3281
3282
3283
3284
3401
3403
3481
3559
3640
3683
3877
3957
3993
4032
4113
4132
4158
4159
4181
4230
4270
4310
4350
4370
4390
4460
4547
4625
4633
4655
4665
4670
4702
4742
4747
4781
4803
4811
4828
4861
4869
4881
4902
4906
4939
5035
5074
5119
5182
5272
5362
5482
5530
5566
5638
5698
5734
5848
6058
6118
6268
6346
6394
6469
6565
6685
6798
6942
7029
7128
7302
7350
7464
7536
7638
7803
7869
8037
8094
8217
8379
8511
8709
8859
8925
8976
9021
9081
9207
9282
9444
9579
9729
9777
9873
9975
10053
10113
10209
10281
10353
10437
10509
10617
10719
10857
10962
11166
11298
11334
11484
11550
11754
11808
11856
12036
12120
12234
12333
12585
12681
12753
12867
13041
13071
13119
13275
13479
13629
13737
13905
14049
14121
14241
14289
14343
14427
14469
14547
14634
14778
14910
15054
15120
15222
15303
15405
15477
15525
15717
15813
15915
15939
15945
15977
15992
15996
15997
15998
15999
16005
16029
16053
16055
16056
16057
16098
16146
16224
16302
16401
16500
16662
16794
16872
17031
17238
17322
17400
17490
17622
17790
17838
17946
18084
18186
18294
18372
18504
18594
18915
18969
19077
19161
19293
19605
19701
19944
20160
20322
20478
20646
20799
20946
21135
21171
21249
21285
21333
21411
21453
21513
21651
21732
21780
21954
21990
22038
22116
22248
22284
22312
22360
22396
22486
22624
22882
22960
22987
23062
23146
23290
23350
23386
23494
23632
23674
23785
23833
24319
24421
24559
24703
24811
24883
25075
25234
25294
27213
27261
27333
27447
27585
27627
27753
27849
27987
28107
28242
28380
28578
28698
28872
28914
29004
29124
29172
29370
29466
29556
29643
29697
29739
29769
29907
29937
29991
30021
30195
30255
30291
30399
30465
30555
30669
30771
30849
31191
31287
31395
31695
31737
31947
32004
32040
32085
32313
32433
32553
32787
33027
33249
33405
33665
33809
33953
34019
