# keyframe format v1
fps 0
0
288
343
403
433
493
553
751
823
952
982
1170
1197
1305
1437
1497
1830
1872
1980
2076
2196
2304
2421
2493
2658
2733
2817
2895
2898
2901
2904
2907
2910
2922
2931
2935
2937
2939
2941
2970
2973
2985
3033
3093
3156
3210
3318
3366
3582
3720
3837
3879
3885
3894
3942
4053
4072
4153
4198
4241
4320
4398
4515
4540
4552
4553
4554
4555
4557
4672
4674
4752
4830
4911
4954
5148
5228
5264
5303
5384
5403
5429
5430
5452
5501
5541
5581
5621
5641
5661
5731
5818
5896
5904
5926
5936
5941
5973
6013
6018
6052
6074
6082
6099
6132
6140
6152
6173
6177
6210
6288
6330
6408
6456
6498
6552
6553
6573
6599
6604
6640
6724
6778
6913
6982
7036
7096
7228
7339
7381
7606
7726
7873
7957
8116
8206
8431
8566
8638
8842
8893
9037
9133
9247
9295
9457
9895
10099
10261
10420
10612
10867
11056
11170
11374
11536
11950
12040
12376
12484
12574
12754
12868
12994
13191
13374
13428
13584
13656
13710
13794
13884
13926
13956
14040
14133
14277
14391
14427
14487
14592
14697
14811
15069
15198
15423
15621
15756
15816
15858
16044
16265
16337
16541
16571
16607
16634
16641
16667
16763
16877
16925
17036
17138
17225
17411
17513
17615
17663
17906
18170
18230
18302
18374
18470
18584
18620
18698
18767
18899
19001
19073
19151
19235
19319
19397
19517
19610
19658
19730
19778
19832
19916
19964
20054
20198
20282
20329
20383
20431
20491
20575
20623
20685
20739
20823
20895
20925
20943
20971
21043
21115
21139
21187
21259
21331
21403
21487
21547
21595
21667
21709
21751
21811
21826
21856
21919
21967
22015
22086
22134
22170
22242
22343
22388
22480
22552
22585
22633
22696
22822
22870
22924
22975
23023
23095
23155
23221
23275
23332
23425
23461
23509
23539
23665
23686
23782
23860
24010
24061
24175
24271
24385
24433
24469
24517
24655
24760
24808
24844
24982
25024
25084
25156
25192
25216
25342
25396
25570
25804
25888
26050
26161
26293
26341
26557
26558
26559
26560
26561
26562
26674
26798
26936
27098
27224
27320
27473
27635
27749
27935
28133
28229
28385
28538
28562
28610
28751
28979
29090
29138
29258
29405
29468
29516
29720
29873
30113
30359
30443
30611
30863
31103
31241
31331
31379
31505
31577
31649
31736
31889
32135
32155
32218
32256
32334
32343
32352
32361
32382
32473
32477
32505
32541
32578
32581
32627
32721
32732
32736
32741
32745
32763
32899
33048
33343
33347
33351
33355
33359
33363
33373
33847
33863
33893
