# keyframe format v1
fps 0
0
288
359
497
587
695
737
779
839
899
1091
1175
1241
1415
1553
1595
1682
1688
1718
1790
1874
1961
2060
2227
2281
2350
2369
2450
2495
2538
2617
2695
2812
2837
2849
2850
2851
2852
2969
2971
3049
3127
3208
3251
3445
3525
3561
3600
3681
3700
3726
3727
3749
3798
3838
3878
3918
3938
3958
4028
4115
4193
4201
4223
4233
4238
4270
4310
4315
4349
4371
4379
4396
4429
4437
4449
4470
4474
4507
4552
4645
4763
4835
4895
4964
5036
5132
5249
5408
5504
5576
5579
5702
5792
5882
5996
6038
6098
6167
6281
6359
6509
6512
6521
6587
6809
6917
6971
7073
7235
7273
7297
7404
7542
7638
7674
7698
7722
7872
7887
7920
7992
8100
8232
8400
8562
8796
8898
9045
9291
9501
9516
9549
9609
9693
9771
9855
9945
10023
10221
10329
10635
10671
10860
10962
11040
11193
11361
11703
11901
12087
12315
12567
12699
12795
12879
12990
13170
13287
13425
13596
13725
13773
13851
13917
13962
14046
14148
14289
14409
14481
14679
14721
14786
14984
15074
15215
15431
15581
15707
15845
16103
16175
16256
16334
16474
16528
16576
16684
16747
16765
16819
16891
16969
17143
17299
17422
17656
17725
17740
17860
17958
18132
18264
18393
18531
18699
18771
18801
18993
19053
19095
19143
19275
19404
19578
19800
19920
20130
20184
20274
20514
20556
20580
20634
20706
20814
20886
20952
21054
21138
21258
21312
21444
21483
21591
21843
22009
22081
22165
22321
22387
22423
22501
22681
22813
22921
22969
23017
23131
23185
23221
23320
23476
23599
23887
23977
24043
24278
24497
24539
24647
24704
24788
24914
24968
25028
25142
25190
25226
25292
25370
25454
25514
25562
25646
25703
25769
25787
25871
25991
26135
26216
26249
26339
26381
26462
26633
26897
26957
27059
27209
27269
27398
27467
27587
27620
27653
27707
27743
27779
27815
27935
27989
28025
28061
28073
28139
28208
28274
28352
28424
28643
28763
28871
28976
29072
29138
29228
29378
29432
29462
29699
29762
29864
29972
30206
30362
30422
30476
30527
30587
30647
30713
30839
30935
31013
31091
31175
31211
31313
31391
31400
31448
31514
31655
31709
31841
31889
32135
32161
32218
32256
32334
32343
32352
32361
32382
32473
32477
32505
32541
32578
32581
32627
32721
32732
32736
32741
32745
32763
32899
33048
33343
33347
33351
33355
33359
33363
33373
33847
33865
33893
