# keyframe format v1
fps 0
0
288
384
444
527
563
646
730
820
976
1150
1231
1288
1405
1529
1564
1636
1726
1745
1826
1871
1914
1993
2071
2188
2213
2225
2226
2227
2228
2230
2345
2347
2425
2503
2584
2627
2821
2901
2937
2976
3057
3076
3102
3103
3125
3174
3214
3254
3294
3314
3334
3404
3491
3569
3577
3599
3609
3614
3646
3686
3691
3725
3747
3755
3772
3805
3813
3825
3846
3850
3885
3957
4017
4065
4188
4314
4458
4557
4674
4767
4809
5088
5240
5375
5528
5621
5732
5861
5990
6050
6092
6128
6182
6248
6476
6692
6758
6938
7049
7358
7511
7583
7733
7829
7904
8048
8147
8222
8282
8330
8420
8486
8702
8846
8900
8984
9056
9080
9104
9137
9317
9461
9638
9722
9896
10130
10225
10345
10417
10484
10489
10741
10813
10885
10981
11047
11113
11191
11254
11314
11374
11635
11809
11851
11971
12253
12451
12556
12622
12787
12904
13048
13112
13196
13424
13496
13661
13769
13805
13871
14003
14120
14204
14384
14534
14582
14678
14831
14927
15065
15197
15236
15437
15503
15755
15911
15971
16079
16126
16336
16459
16573
16771
16852
17002
17062
17275
17335
17371
17443
17491
17539
17623
17671
17719
17791
17911
17971
18172
18304
18367
18451
18536
18605
18638
18779
18851
18968
19094
19256
19397
19640
19787
20003
20195
20345
20474
20639
20789
20969
21104
21209
21401
21476
21587
21623
21809
21893
21971
22079
22190
22256
22367
22427
22634
22763
22817
22925
23141
23213
23267
23399
23459
23519
23696
23849
23897
23999
24203
24281
24377
24689
24815
24911
24983
25046
25076
25163
25283
25331
25442
25605
25730
25874
25969
26089
26275
26410
26683
26941
27007
27256
27364
27427
27499
27673
28003
28090
28138
28195
28245
28317
28383
28437
28491
28599
28647
28695
28860
28995
29121
29133
29247
29295
29355
29385
29421
29524
29626
29662
29734
29782
29932
30025
30220
30307
30466
30687
30705
30707
30711
31011
31059
31155
31197
31239
31353
31401
31545
31656
31716
31830
31890
32136
32156
32219
32257
32335
32344
32353
32362
32383
32474
32478
32506
32542
32579
32582
32628
32722
32733
32737
32742
32746
32764
32900
33049
33344
33348
33352
33356
33360
33364
33374
33848
33864
33894
