# keyframe format v1
fps 0
0
288
347
393
549
597
605
615
675
723
757
828
1017
1095
1287
1380
1416
1470
1488
1560
1563
1602
1752
1797
1914
2010
2118
2271
2301
2385
2445
2541
2616
2718
2796
2892
2946
3006
3066
3213
3261
3321
3387
3441
3555
3621
3783
3837
3942
4020
4260
4311
4395
4437
4593
4686
4890
5052
5094
5142
5196
5352
5586
5724
5802
5850
5934
6012
6066
6198
6294
6432
6558
6642
6762
6834
6891
6957
6996
7002
7071
7167
7215
7263
7335
7386
7434
7494
7566
7602
7647
7755
7761
7795
7839
7845
7881
7959
8055
8112
8115
8118
8121
8127
8142
8189
8243
8333
8369
8453
8501
8549
8550
8621
8675
8771
8807
8873
8939
9077
9088
9089
9137
9185
9449
9602
9710
9752
9803
9851
9914
9938
9941
9944
9947
9989
10037
10157
10199
10253
10306
10438
10486
10534
10558
10582
10618
10678
10762
10810
10858
10924
10978
11032
11068
11116
11176
11227
11242
11284
11357
11429
11483
11498
11531
11603
11705
11723
11753
11771
11855
11933
11987
12173
12227
12263
12389
12485
12593
12689
12761
12797
12833
12878
12962
13016
13025
13040
13094
13154
13250
13328
13376
13520
13640
13778
13928
13994
14197
14411
14518
14626
14752
14860
15223
15226
15268
15412
15565
15592
15682
15879
15935
15959
16151
16223
16241
16318
16366
16459
16612
16723
16765
16936
16978
17056
17299
17491
17647
17677
17806
17890
17944
18130
18226
18460
18574
18808
18952
19201
19279
19339
19471
19711
19795
19867
19969
20041
20167
20281
20365
20366
20490
20562
20610
20718
20886
21078
21132
21237
21396
21588
21672
21888
22014
22065
22101
22167
22287
22491
23189
23345
23489
23621
23657
23843
23942
24092
24093
24094
24149
24257
24479
24659
24893
25133
25169
25171
25259
25313
25346
25373
25439
25595
25649
25781
25847
25922
26054
26150
26198
26246
26312
26462
26642
26643
26738
26852
26957
27158
27314
27494
27632
27635
27638
27640
27641
27642
27643
27644
27656
27848
27920
28064
28172
28220
28268
28502
28754
28880
29180
31266
31344
31386
31542
31596
31740
32034
32166
32232
32352
32556
32622
32694
32739
32931
33276
33291
33303
33318
33370
33598
33664
33721
33736
33859
