# keyframe format v1
fps 0
0
288
396
444
492
552
553
618
678
774
963
1161
1251
1317
1419
1557
1653
1851
1914
2085
2223
2287
2440
2494
2542
2561
2642
2687
2730
2809
2887
3004
3029
3041
3042
3043
3044
3161
3163
3241
3319
3400
3443
3637
3717
3753
3792
3873
3892
3918
3919
3941
3990
4030
4070
4110
4130
4150
4220
4307
4385
4393
4415
4425
4430
4462
4502
4507
4541
4563
4571
4588
4621
4629
4641
4662
4666
4699
4819
4975
5119
5335
5383
5497
5581
5677
5779
6097
6151
6179
6335
6479
6593
6665
6725
6767
6839
7001
7100
7232
7234
7352
7586
7826
8102
8280
8454
8577
8649
8850
9108
9309
9456
9510
9690
9798
9933
10155
10275
10350
10461
10629
10761
10821
10944
11061
11193
11301
11433
11589
11703
11835
11997
12180
12222
12270
12384
12453
12642
12720
13101
13257
13311
13361
13565
13661
13853
13895
14003
14123
14171
14231
14315
14426
14480
14654
14762
14834
14882
14972
15080
15140
15230
15272
15398
15782
15836
16016
16148
16376
16478
16709
16805
16922
17006
17045
17198
17312
17468
17498
17594
17774
17849
18026
18176
18290
18356
18566
18734
18842
18846
18908
19076
19166
19259
19493
19640
19721
19847
19994
20066
20105
20201
20501
20591
20645
20711
20831
20927
20960
21080
21176
21305
21596
21770
22225
22345
22543
22651
22932
23166
23409
23481
23601
23637
23703
23799
23847
23848
23849
23850
23851
23852
23853
23889
23934
23940
23942
23943
23952
24078
24120
24234
24336
24384
24591
24663
24843
24903
24966
24981
25128
25197
25269
25641
25731
25875
25983
26019
26169
26226
26292
26445
26658
26760
26832
27000
27072
27225
27348
27456
27570
27666
27837
27963
28131
28239
28371
28557
28608
29058
29232
29807
29879
29939
30071
30281
30317
30515
30632
30680
30722
30794
30866
30908
30962
30963
31030
31108
31162
31276
31324
31366
31420
31546
31612
31722
31751
31889
32135
32161
32218
32256
32334
32343
32352
32361
32382
32473
32477
32505
32541
32578
32581
32627
32721
32732
32736
32741
32745
32763
32899
33048
33343
33347
33351
33355
33359
33363
33373
33847
33865
33893
