# keyframe format v1
fps 0
0
288
372
468
576
663
723
768
825
864
960
1032
1296
1398
1574
1748
1844
1898
2039
2042
2045
2087
2254
2326
2345
2426
2471
2514
2593
2671
2788
2801
2813
2825
2826
2827
2828
2829
2830
2945
2947
3025
3103
3184
3227
3325
3399
3421
3501
3537
3576
3657
3676
3693
3702
3703
3725
3774
3814
3854
3894
3914
3934
4004
4091
4169
4177
4199
4209
4214
4246
4276
4286
4291
4325
4347
4355
4372
4381
4386
4405
4413
4414
4416
4425
4446
4449
4450
4483
4567
4627
4699
4771
4831
4887
4903
5044
5125
5191
5269
5395
5440
5527
5662
5761
5863
5911
6061
6232
6424
6595
6796
6985
7174
7240
7354
7522
7576
7636
7720
7822
7891
8113
8220
8334
8460
8541
8616
8778
8847
8883
8931
9060
9087
9114
9162
9237
9390
9468
9621
9717
9942
10038
10164
10266
10422
10524
10707
10827
10977
11202
11406
11484
11586
11742
11922
11964
12051
12168
12228
12369
12534
12666
12789
12978
13137
13215
13365
13578
13689
13836
13893
14022
14175
14289
14496
14565
14753
15014
15127
15214
15271
15382
15478
15550
15622
15718
15817
15874
15946
16003
16051
16189
16237
16294
16387
16546
16579
16675
16855
16975
17167
17377
17599
17686
17769
17839
17886
17991
18105
18238
18412
18532
18598
18727
18981
19164
19200
19203
19480
19675
19795
19909
20029
20107
20185
20428
20584
20728
21073
21208
21412
21490
21580
21646
21754
21832
21883
21952
22111
22135
22156
22186
22228
22750
22858
23035
23083
23131
23185
23257
23329
23398
23473
23557
23629
23776
23908
23961
24123
24171
24306
24450
24558
24678
24834
24942
25056
25188
25446
25629
25749
25869
25947
26172
26229
26430
26649
26849
26945
26969
27041
27200
27227
27275
27515
27575
27677
27701
27839
27941
28013
28145
28241
28283
28358
28532
28628
28706
28778
28832
28856
28880
28904
28940
29147
29303
29423
29537
29627
29645
29669
29717
29903
30101
30164
30296
30395
30530
30692
30763
30940
31192
31300
31336
31408
31513
31558
31687
31717
31783
31853
31888
31951
32071
32095
32122
32134
32136
32138
32140
32142
32144
32146
32148
32150
32152
32154
32156
32158
32160
32162
32164
32166
32168
32170
32172
32174
32176
32178
32180
32217
32255
32333
32342
32351
32360
32381
32404
32472
32476
32504
32540
32577
32580
32626
32712
32720
32731
32735
32740
32744
32749
32753
32762
32898
33047
33342
33346
33350
33354
33358
33362
33372
33844
33846
33848
33850
33852
33854
33856
33858
33860
33862
33864
33866
33868
33870
33872
33874
33876
33878
33880
33882
33884
33886
33888
33890
33892
33894
33915
33948
33972
