# keyframe format v1
fps 0
0
474
504
570
618
657
745
868
955
994
1152
1188
1227
1293
1341
1485
1633
1726
1843
1897
1993
2056
2179
2197
2281
2470
2530
2590
2650
2758
2806
2881
3039
3183
3273
3459
3537
3756
3786
3873
3952
4017
4080
4104
4221
4329
4443
4491
4737
4911
5043
5109
5250
5394
5550
5868
5982
6086
6108
6321
6609
6755
6968
7127
7199
7277
7373
7496
7703
7781
7865
7994
8126
8468
8690
8936
9032
9092
9362
9491
9662
9898
10060
10174
10206
10248
10314
10374
10506
10522
10624
10642
10738
10762
10792
10969
11023
11143
11293
11392
11536
11653
11782
11932
12127
12316
12478
12613
12745
12817
12961
13084
13216
13462
13510
13582
13684
13942
14086
14296
14548
14779
14944
14998
15262
15388
15532
15580
15664
15853
15985
15997
16011
16015
16029
16107
16109
16128
16200
16383
16581
16698
16797
16887
16959
17055
17229
17277
17325
17373
17511
17616
17766
17907
18075
18147
18291
18738
18834
19074
19398
19470
19614
19674
19734
19806
19884
19959
19966
19968
19986
20034
20247
20496
20712
20748
20808
20880
21000
21048
21099
21219
21267
21369
21498
21606
21708
21738
21953
21977
22019
22097
22133
22217
22364
22478
22688
22736
22882
22928
23000
23102
23330
23438
23498
23612
23699
23741
23801
23921
23975
24026
24128
24230
24260
24290
24392
24506
24698
24842
25026
25122
25230
25272
25292
25294
25304
25326
25464
25503
25557
25653
25893
25941
25989
26037
26202
26268
26328
26406
26448
26508
26610
26646
26868
26979
27075
27159
27219
27279
27357
27432
27433
27434
27435
27500
27516
27642
27714
27801
27909
27987
28077
28149
28209
28443
28569
28725
28959
29001
29073
29235
29367
29523
29529
29574
29646
29895
30003
30153
30290
30308
30416
30506
30698
30749
30869
30944
31040
31187
31229
31319
31367
31607
31691
31763
31799
31889
31907
31989
32034
32077
32156
32234
32351
32376
32388
32389
32390
32391
32393
32508
32510
32588
32666
32747
32790
32984
33064
33100
33139
33220
33239
33265
33266
33288
33337
33377
33417
33457
33477
33497
33567
33654
33732
33762
33777
33809
33849
33854
33888
33910
33918
33935
33968
33976
33988
34009
34013
