# keyframe format v1
fps 0
0
288
366
444
498
546
594
647
699
864
909
1005
1113
1240
1454
1620
1668
1686
1706
1720
1758
1798
1830
1867
1898
2036
2156
2230
2249
2330
2375
2418
2497
2575
2692
2717
2729
2730
2731
2732
2849
2851
2929
3007
3088
3131
3325
3405
3441
3480
3561
3580
3606
3607
3629
3678
3718
3758
3798
3818
3838
3908
3995
4073
4081
4103
4113
4118
4150
4190
4195
4229
4251
4259
4276
4309
4317
4329
4350
4354
4387
4459
4525
4585
4645
4784
4916
4988
5036
5068
5098
5146
5160
5170
5177
5241
5403
5475
5492
5611
5842
6034
6124
6220
6517
6589
6709
6757
6817
6913
7132
7204
7429
7483
7579
7711
7795
8008
8140
8194
8227
8258
8287
8335
8446
8566
8686
9087
9249
9288
9336
9669
10086
10188
10219
10363
10446
10614
10818
10958
11159
11291
11525
11585
11643
11721
11793
11877
11961
12009
12063
12105
12165
12248
12299
12364
12454
12580
12724
12784
12895
13217
13271
13406
13556
13628
13678
13751
13847
13967
14183
14193
14346
14418
14595
14730
14968
15012
15034
15175
15403
15527
15655
15832
15889
16033
16201
16408
16663
16723
16848
16904
16940
16988
17027
17093
17159
17390
17582
17630
17666
17674
17804
17846
17894
17930
18060
18192
18345
18441
18657
18762
18834
18835
18836
18837
18882
18930
18966
19002
19038
19048
19180
19300
19408
19492
19534
19600
19672
19728
19809
19849
19921
20008
20100
20181
20300
20441
20660
20756
20812
20879
20963
21059
21080
21104
21110
21113
21128
21200
21374
21572
21599
21773
21953
22109
22112
22115
22270
22456
22492
22624
22735
22857
22917
22989
23037
23108
23168
23390
23471
23658
23985
24111
24147
24213
24282
24393
24489
24555
24690
24840
25128
25263
25368
25494
25662
25680
25722
25837
25957
26047
26239
26347
26460
26503
26605
26791
26947
27007
27008
27009
27010
27011
27012
27013
27045
27062
27091
27115
27135
27160
27163
27175
27391
27601
27963
28182
28284
28368
28424
28661
28847
28904
29204
29348
29414
29476
29556
29627
30047
30137
30250
30252
30271
30272
30343
30415
30523
30619
30718
30832
30916
30988
31060
31246
31324
31372
31534
31702
31756
31804
31888
32134
32160
32217
32255
32333
32342
32351
32360
32381
32472
32476
32504
32540
32577
32580
32626
32720
32731
32735
32740
32744
32762
32898
33047
33342
33346
33350
33354
33358
33362
33372
33846
33862
33892
